<?xml version="1.0" encoding="UTF-8" ?>
<testsuite tests="2" failures="2" name="com.tw.junit.DemoTest" time="0.019" errors="0" skipped="0">
  <properties>
[...]
</properties>
  <testcase classname="com.tw.junit.DemoTest" name="com.tw.junit.DemoTest.test01" time="0.019">
    <failure message="Unexpected exception type thrown, expected: &lt;java.lang.ArithmeticException&gt; but was: &lt;java.lang.NullPointerException&gt;" type="org.opentest4j.AssertionFailedError">org.opentest4j.AssertionFailedError: Unexpected exception type thrown, expected: &lt;java.lang.ArithmeticException&gt; but was: &lt;java.lang.NullPointerException&gt;
	at org.junit.jupiter.api.AssertionFailureBuilder.build(AssertionFailureBuilder.java:151)
	at org.junit.jupiter.api.AssertThrows.assertThrows(AssertThrows.java:67)
	at org.junit.jupiter.api.AssertThrows.assertThrows(AssertThrows.java:35)
	at org.junit.jupiter.api.Assertions.assertThrows(Assertions.java:3083)
	at com.tw.junit.DemoTest.test01(DemoTest.java:19)
Caused by: java.lang.NullPointerException: Cannot invoke &quot;com.tw.junit.Demo.convertToDecimal(int, int)&quot; because &quot;com.tw.junit.DemoTest.demo&quot; is null
	at com.tw.junit.DemoTest.lambda$test01$0(DemoTest.java:19)
	at org.junit.jupiter.api.AssertThrows.assertThrows(AssertThrows.java:53)
	... 17 more
</failure>
  </testcase>
  <testcase classname="com.tw.junit.DemoTest" name="com.tw.junit.DemoTest.test02" time="0">
    <failure message="Cannot invoke &quot;com.tw.junit.Demo.convertToDecimal(int, int)&quot; because &quot;com.tw.junit.DemoTest.demo&quot; is null" type="java.lang.NullPointerException">java.lang.NullPointerException: Cannot invoke &quot;com.tw.junit.Demo.convertToDecimal(int, int)&quot; because &quot;com.tw.junit.DemoTest.demo&quot; is null
	at com.tw.junit.DemoTest.test02(DemoTest.java:23)
</failure>
  </testcase>
</testsuite>