# JRE version: Java(TM) SE Runtime Environment (18.0.1.1+2) (build 18.0.1.1+2-6)
# Java VM: Java HotSpot(TM) 64-Bit Server VM (18.0.1.1+2-6, mixed mode, emulated-client, sharing, tiered, compressed oops, compressed class ptrs, g1 gc, windows-amd64)
GC Precious Log:
 CardTable entry size: 512
 Card Set container configuration: InlinePtr #cards 4 size 8 Array Of Cards #cards 16 size 48 Howl #buckets 8 coarsen threshold 3686 Howl Bitmap #cards 512 size 80 coarsen threshold 460 Card regions per heap region 1 cards per card region 4096
 CPUs: 8 total, 8 available
 Memory: 16122M
 Large Page Support: Disabled
 NUMA Support: Disabled
 Compressed Oops: Enabled (Zero based)
 Heap Region Size: 2M
 Heap Min Capacity: 8M
 Heap Initial Capacity: 252M
 Heap Max Capacity: 4032M
 Pre-touch: Disabled
 Parallel Workers: 8
 Concurrent Workers: 2
 Concurrent Refinement Workers: 8
 Periodic GC: Disabled
Heap:
 garbage-first heap   total 96256K, used 47928K [0x0000000704000000, 0x0000000800000000)
  region size 2048K, 12 young (24576K), 2 survivors (4096K)
 Metaspace       used 65567K, committed 66176K, reserved 1114112K
  class space    used 8963K, committed 9280K, reserved 1048576K
GC Heap History (20 events):
Event: 385.805 GC heap before
{Heap before GC invocations=25 (full 4):
 garbage-first heap   total 96256K, used 70977K [0x0000000704000000, 0x0000000800000000)
  region size 2048K, 23 young (47104K), 0 survivors (0K)
 Metaspace       used 64621K, committed 65152K, reserved 1114112K
  class space    used 8887K, committed 9216K, reserved 1048576K
}
Event: 385.809 GC heap after
{Heap after GC invocations=26 (full 4):
 garbage-first heap   total 96256K, used 29088K [0x0000000704000000, 0x0000000800000000)
  region size 2048K, 2 young (4096K), 2 survivors (4096K)
 Metaspace       used 64621K, committed 65152K, reserved 1114112K
  class space    used 8887K, committed 9216K, reserved 1048576K
}
Event: 386.161 GC heap before
{Heap before GC invocations=26 (full 4):
 garbage-first heap   total 96256K, used 74144K [0x0000000704000000, 0x0000000800000000)
  region size 2048K, 24 young (49152K), 2 survivors (4096K)
 Metaspace       used 64812K, committed 65344K, reserved 1114112K
  class space    used 8900K, committed 9216K, reserved 1048576K
}
Event: 386.167 GC heap after
{Heap after GC invocations=27 (full 4):
 garbage-first heap   total 116736K, used 31734K [0x0000000704000000, 0x0000000800000000)
  region size 2048K, 3 young (6144K), 3 survivors (6144K)
 Metaspace       used 64812K, committed 65344K, reserved 1114112K
  class space    used 8900K, committed 9216K, reserved 1048576K
}
Event: 406.886 GC heap before
{Heap before GC invocations=27 (full 4):
 garbage-first heap   total 116736K, used 35830K [0x0000000704000000, 0x0000000800000000)
  region size 2048K, 6 young (12288K), 3 survivors (6144K)
 Metaspace       used 64836K, committed 65408K, reserved 1114112K
  class space    used 8901K, committed 9216K, reserved 1048576K
}
Event: 406.940 GC heap after
{Heap after GC invocations=28 (full 5):
 garbage-first heap   total 96256K, used 24926K [0x0000000704000000, 0x0000000800000000)
  region size 2048K, 0 young (0K), 0 survivors (0K)
 Metaspace       used 64833K, committed 65408K, reserved 1114112K
  class space    used 8900K, committed 9216K, reserved 1048576K
}
Event: 407.313 GC heap before
{Heap before GC invocations=28 (full 5):
 garbage-first heap   total 96256K, used 72030K [0x0000000704000000, 0x0000000800000000)
  region size 2048K, 23 young (47104K), 0 survivors (0K)
 Metaspace       used 64905K, committed 65408K, reserved 1114112K
  class space    used 8909K, committed 9216K, reserved 1048576K
}
Event: 407.317 GC heap after
{Heap after GC invocations=29 (full 5):
 garbage-first heap   total 96256K, used 28133K [0x0000000704000000, 0x0000000800000000)
  region size 2048K, 2 young (4096K), 2 survivors (4096K)
 Metaspace       used 64905K, committed 65408K, reserved 1114112K
  class space    used 8909K, committed 9216K, reserved 1048576K
}
Event: 407.649 GC heap before
{Heap before GC invocations=29 (full 5):
 garbage-first heap   total 96256K, used 73189K [0x0000000704000000, 0x0000000800000000)
  region size 2048K, 24 young (49152K), 2 survivors (4096K)
 Metaspace       used 65099K, committed 65600K, reserved 1114112K
  class space    used 8922K, committed 9216K, reserved 1048576K
}
Event: 407.654 GC heap after
{Heap after GC invocations=30 (full 5):
 garbage-first heap   total 96256K, used 30769K [0x0000000704000000, 0x0000000800000000)
  region size 2048K, 3 young (6144K), 3 survivors (6144K)
 Metaspace       used 65099K, committed 65600K, reserved 1114112K
  class space    used 8922K, committed 9216K, reserved 1048576K
}
Event: 417.250 GC heap before
{Heap before GC invocations=30 (full 5):
 garbage-first heap   total 96256K, used 34865K [0x0000000704000000, 0x0000000800000000)
  region size 2048K, 6 young (12288K), 3 survivors (6144K)
 Metaspace       used 65125K, committed 65664K, reserved 1114112K
  class space    used 8923K, committed 9216K, reserved 1048576K
}
Event: 417.299 GC heap after
{Heap after GC invocations=31 (full 6):
 garbage-first heap   total 96256K, used 25139K [0x0000000704000000, 0x0000000800000000)
  region size 2048K, 0 young (0K), 0 survivors (0K)
 Metaspace       used 65122K, committed 65664K, reserved 1114112K
  class space    used 8923K, committed 9216K, reserved 1048576K
}
Event: 417.814 GC heap before
{Heap before GC invocations=31 (full 6):
 garbage-first heap   total 96256K, used 70195K [0x0000000704000000, 0x0000000800000000)
  region size 2048K, 23 young (47104K), 0 survivors (0K)
 Metaspace       used 65194K, committed 65728K, reserved 1114112K
  class space    used 8931K, committed 9216K, reserved 1048576K
}
Event: 417.817 GC heap after
{Heap after GC invocations=32 (full 6):
 garbage-first heap   total 96256K, used 28425K [0x0000000704000000, 0x0000000800000000)
  region size 2048K, 2 young (4096K), 2 survivors (4096K)
 Metaspace       used 65194K, committed 65728K, reserved 1114112K
  class space    used 8931K, committed 9216K, reserved 1048576K
}
Event: 418.184 GC heap before
{Heap before GC invocations=32 (full 6):
 garbage-first heap   total 96256K, used 73481K [0x0000000704000000, 0x0000000800000000)
  region size 2048K, 24 young (49152K), 2 survivors (4096K)
 Metaspace       used 65399K, committed 65920K, reserved 1114112K
  class space    used 8947K, committed 9216K, reserved 1048576K
}
Event: 418.189 GC heap after
{Heap after GC invocations=33 (full 6):
 garbage-first heap   total 96256K, used 31035K [0x0000000704000000, 0x0000000800000000)
  region size 2048K, 3 young (6144K), 3 survivors (6144K)
 Metaspace       used 65399K, committed 65920K, reserved 1114112K
  class space    used 8947K, committed 9216K, reserved 1048576K
}
Event: 663.160 GC heap before
{Heap before GC invocations=33 (full 6):
 garbage-first heap   total 96256K, used 45371K [0x0000000704000000, 0x0000000800000000)
  region size 2048K, 11 young (22528K), 3 survivors (6144K)
 Metaspace       used 65420K, committed 65920K, reserved 1114112K
  class space    used 8949K, committed 9216K, reserved 1048576K
}
Event: 663.212 GC heap after
{Heap after GC invocations=34 (full 7):
 garbage-first heap   total 96256K, used 26287K [0x0000000704000000, 0x0000000800000000)
  region size 2048K, 0 young (0K), 0 survivors (0K)
 Metaspace       used 65418K, committed 65920K, reserved 1114112K
  class space    used 8949K, committed 9216K, reserved 1048576K
}
Event: 663.648 GC heap before
{Heap before GC invocations=34 (full 7):
 garbage-first heap   total 96256K, used 73391K [0x0000000704000000, 0x0000000800000000)
  region size 2048K, 23 young (47104K), 0 survivors (0K)
 Metaspace       used 65490K, committed 65984K, reserved 1114112K
  class space    used 8959K, committed 9216K, reserved 1048576K
}
Event: 663.652 GC heap after
{Heap after GC invocations=35 (full 7):
 garbage-first heap   total 96256K, used 29496K [0x0000000704000000, 0x0000000800000000)
  region size 2048K, 2 young (4096K), 2 survivors (4096K)
 Metaspace       used 65490K, committed 65984K, reserved 1114112K
  class space    used 8959K, committed 9216K, reserved 1048576K
}

